0 verbose cli D:\node.exe C:\Users\NIMS\AppData\Roaming\npm\node_modules\npm\bin\npm-cli.js
1 info using npm@11.10.1
2 info using node@v24.13.1
3 silly config load:file:C:\Users\NIMS\AppData\Roaming\npm\node_modules\npm\npmrc
4 silly config load:file:D:\zomoto\zomoto_task\frontend\.npmrc
5 silly config load:file:C:\Users\NIMS\.npmrc
6 silly config load:file:C:\Users\NIMS\AppData\Roaming\npm\etc\npmrc
7 verbose title npm start
8 verbose argv "start"
9 verbose logfile logs-max:10 dir:D:\zomoto\zomoto_task\frontend\npm-cache\_logs\2026-03-05T09_22_41_917Z-
10 verbose logfile D:\zomoto\zomoto_task\frontend\npm-cache\_logs\2026-03-05T09_22_41_917Z-debug-0.log
11 silly logfile start cleaning logs, removing 1 files
12 silly logfile done cleaning log files
13 http fetch GET 200 https://registry.npmjs.org/npm 426ms
14 verbose cwd D:\zomoto\zomoto_task\frontend
15 verbose os Windows_NT 10.0.22631
16 verbose node v24.13.1
17 verbose npm  v11.10.1
18 notice
18 notice New [33mminor[39m version of npm available! [33m11.10.1[39m -> [34m11.11.0[39m
18 notice Changelog: [34mhttps://github.com/npm/cli/releases/tag/v11.11.0[39m
18 notice To update run: [4mnpm install -g npm@11.11.0[24m
18 notice  { force: true, Symbol(proc-log.meta): true }
19 verbose exit -1073741510
20 verbose code -1073741510
